  Box.cpp
D:\Users\1916002\Desktop\1916002\AsoBase\BaseProject\AsoBase\AsoBase\Box.cpp(150,15): warning C4244: '初期化中': 'int' から 'float' への変換です。データが失われる可能性があります。
D:\Users\1916002\Desktop\1916002\AsoBase\BaseProject\AsoBase\AsoBase\Box.cpp(151,15): warning C4244: '初期化中': 'int' から 'float' への変換です。データが失われる可能性があります。
D:\Users\1916002\Desktop\1916002\AsoBase\BaseProject\AsoBase\AsoBase\Box.cpp(157,24): warning C4244: '引数': 'float' から 'int' への変換です。データが失われる可能性があります。
D:\Users\1916002\Desktop\1916002\AsoBase\BaseProject\AsoBase\AsoBase\Box.cpp(157,19): warning C4244: '引数': 'float' から 'int' への変換です。データが失われる可能性があります。
D:\Users\1916002\Desktop\1916002\AsoBase\BaseProject\AsoBase\AsoBase\Box.cpp(157,14): warning C4244: '引数': 'float' から 'int' への変換です。データが失われる可能性があります。
D:\Users\1916002\Desktop\1916002\AsoBase\BaseProject\AsoBase\AsoBase\Box.cpp(189,15): warning C4244: '初期化中': 'int' から 'float' への変換です。データが失われる可能性があります。
D:\Users\1916002\Desktop\1916002\AsoBase\BaseProject\AsoBase\AsoBase\Box.cpp(190,15): warning C4244: '初期化中': 'int' から 'float' への変換です。データが失われる可能性があります。
D:\Users\1916002\Desktop\1916002\AsoBase\BaseProject\AsoBase\AsoBase\Box.cpp(199,24): warning C4244: '引数': 'float' から 'int' への変換です。データが失われる可能性があります。
D:\Users\1916002\Desktop\1916002\AsoBase\BaseProject\AsoBase\AsoBase\Box.cpp(199,19): warning C4244: '引数': 'float' から 'int' への変換です。データが失われる可能性があります。
D:\Users\1916002\Desktop\1916002\AsoBase\BaseProject\AsoBase\AsoBase\Box.cpp(199,14): warning C4244: '引数': 'float' から 'int' への変換です。データが失われる可能性があります。
  GameScene.cpp
D:\Users\1916002\Desktop\1916002\AsoBase\BaseProject\AsoBase\AsoBase\Utility.h(11,2): warning C4091: 'static ': 変数が何も宣言されていないときは、'Utility' の左辺を無視します。
D:\Users\1916002\Desktop\1916002\AsoBase\BaseProject\AsoBase\AsoBase\GameScene.cpp(50,29): warning C4244: '引数': 'int' から 'float' への変換です。データが失われる可能性があります。
D:\Users\1916002\Desktop\1916002\AsoBase\BaseProject\AsoBase\AsoBase\GameScene.cpp(90,26): warning C4267: '初期化中': 'size_t' から 'int' に変換しました。データが失われているかもしれません。
D:\Users\1916002\Desktop\1916002\AsoBase\BaseProject\AsoBase\AsoBase\GameScene.cpp(95,30): warning C4267: '初期化中': 'size_t' から 'int' に変換しました。データが失われているかもしれません。
D:\Users\1916002\Desktop\1916002\AsoBase\BaseProject\AsoBase\AsoBase\GameScene.cpp(128,22): warning C4267: '=': 'size_t' から 'int' に変換しました。データが失われているかもしれません。
D:\Users\1916002\Desktop\1916002\AsoBase\BaseProject\AsoBase\AsoBase\GameScene.cpp(219,30): warning C4267: '初期化中': 'size_t' から 'int' に変換しました。データが失われているかもしれません。
D:\Users\1916002\Desktop\1916002\AsoBase\BaseProject\AsoBase\AsoBase\GameScene.cpp(227,26): warning C4267: '初期化中': 'size_t' から 'int' に変換しました。データが失われているかもしれません。
D:\Users\1916002\Desktop\1916002\AsoBase\BaseProject\AsoBase\AsoBase\GameScene.cpp(258,16): error C2659: '+=': 関数が演算子の左辺にあります
D:\Users\1916002\Desktop\1916002\AsoBase\BaseProject\AsoBase\AsoBase\GameScene.cpp(259,18): error C2659: '-=': 関数が演算子の左辺にあります
D:\Users\1916002\Desktop\1916002\AsoBase\BaseProject\AsoBase\AsoBase\GameScene.cpp(277,26): warning C4267: '初期化中': 'size_t' から 'int' に変換しました。データが失われているかもしれません。
D:\Users\1916002\Desktop\1916002\AsoBase\BaseProject\AsoBase\AsoBase\GameScene.cpp(285,30): warning C4267: '初期化中': 'size_t' から 'int' に変換しました。データが失われているかもしれません。
D:\Users\1916002\Desktop\1916002\AsoBase\BaseProject\AsoBase\AsoBase\GameScene.cpp(314,26): warning C4267: '初期化中': 'size_t' から 'int' に変換しました。データが失われているかもしれません。
D:\Users\1916002\Desktop\1916002\AsoBase\BaseProject\AsoBase\AsoBase\GameScene.cpp(335,29): warning C4267: '初期化中': 'size_t' から 'int' に変換しました。データが失われているかもしれません。
  GameoverScene.cpp
  SceneManager.cpp
D:\Users\1916002\Desktop\1916002\AsoBase\BaseProject\AsoBase\AsoBase\SceneManager.cpp(23,27): warning C4244: '=': 'ULONGLONG' から 'float' への変換です。データが失われる可能性があります。
D:\Users\1916002\Desktop\1916002\AsoBase\BaseProject\AsoBase\AsoBase\SceneManager.cpp(34,16): warning C4244: '初期化中': 'ULONGLONG' から 'float' への変換です。データが失われる可能性があります。
  Stage.cpp
D:\Users\1916002\Desktop\1916002\AsoBase\BaseProject\AsoBase\AsoBase\Utility.h(11,2): warning C4091: 'static ': 変数が何も宣言されていないときは、'Utility' の左辺を無視します。
  Storage.cpp
  Unit.cpp
  コードを生成中...
