  Geometry.cpp
D:\Users\1916002\Desktop\1916002\shootemup\shootemup\Geometry.cpp(8,55): warning C4244: '引数': 'float' から 'int' への変換です。データが失われる可能性があります。
D:\Users\1916002\Desktop\1916002\shootemup\shootemup\Geometry.cpp(8,43): warning C4244: '引数': 'float' から 'int' への変換です。データが失われる可能性があります。
D:\Users\1916002\Desktop\1916002\shootemup\shootemup\Geometry.cpp(8,32): warning C4244: '引数': 'float' から 'int' への変換です。データが失われる可能性があります。
D:\Users\1916002\Desktop\1916002\shootemup\shootemup\Geometry.cpp(8,23): warning C4244: '引数': 'float' から 'int' への変換です。データが失われる可能性があります。
D:\Users\1916002\Desktop\1916002\shootemup\shootemup\Geometry.cpp(13,99): warning C4244: '引数': 'float' から 'int' への変換です。データが失われる可能性があります。
D:\Users\1916002\Desktop\1916002\shootemup\shootemup\Geometry.cpp(13,76): warning C4244: '引数': 'float' から 'int' への変換です。データが失われる可能性があります。
D:\Users\1916002\Desktop\1916002\shootemup\shootemup\Geometry.cpp(13,54): warning C4244: '引数': 'float' から 'int' への変換です。データが失われる可能性があります。
D:\Users\1916002\Desktop\1916002\shootemup\shootemup\Geometry.cpp(13,34): warning C4244: '引数': 'float' から 'int' への変換です。データが失われる可能性があります。
D:\Users\1916002\Desktop\1916002\shootemup\shootemup\Geometry.cpp(24,7): warning C4552: '*': 式の結果が使用されていません
  main.cpp
D:\Users\1916002\Desktop\1916002\shootemup\shootemup\main.cpp(96,39): warning C4244: '引数': 'float' から 'int' への変換です。データが失われる可能性があります。
D:\Users\1916002\Desktop\1916002\shootemup\shootemup\main.cpp(96,26): warning C4244: '引数': 'float' から 'int' への変換です。データが失われる可能性があります。
D:\Users\1916002\Desktop\1916002\shootemup\shootemup\main.cpp(99,41): warning C4244: '引数': 'float' から 'int' への変換です。データが失われる可能性があります。
D:\Users\1916002\Desktop\1916002\shootemup\shootemup\main.cpp(99,37): warning C4244: '引数': 'float' から 'int' への変換です。データが失われる可能性があります。
D:\Users\1916002\Desktop\1916002\shootemup\shootemup\main.cpp(99,24): warning C4244: '引数': 'float' から 'int' への変換です。データが失われる可能性があります。
D:\Users\1916002\Desktop\1916002\shootemup\shootemup\main.cpp(125,32): warning C4244: '引数': 'float' から 'int' への変換です。データが失われる可能性があります。
D:\Users\1916002\Desktop\1916002\shootemup\shootemup\main.cpp(125,23): warning C4244: '引数': 'float' から 'int' への変換です。データが失われる可能性があります。
D:\Users\1916002\Desktop\1916002\shootemup\shootemup\main.cpp(129,34): warning C4244: '引数': 'float' から 'int' への変換です。データが失われる可能性があります。
D:\Users\1916002\Desktop\1916002\shootemup\shootemup\main.cpp(129,30): warning C4244: '引数': 'float' から 'int' への変換です。データが失われる可能性があります。
D:\Users\1916002\Desktop\1916002\shootemup\shootemup\main.cpp(129,21): warning C4244: '引数': 'float' から 'int' への変換です。データが失われる可能性があります。
D:\Users\1916002\Desktop\1916002\shootemup\shootemup\main.cpp(145,19): warning C4244: '=': 'int' から 'float' への変換です。データが失われる可能性があります。
D:\Users\1916002\Desktop\1916002\shootemup\shootemup\main.cpp(147,37): warning C4244: '引数': 'float' から 'int' への変換です。データが失われる可能性があります。
D:\Users\1916002\Desktop\1916002\shootemup\shootemup\main.cpp(147,25): warning C4244: '引数': 'float' から 'int' への変換です。データが失われる可能性があります。
D:\Users\1916002\Desktop\1916002\shootemup\shootemup\main.cpp(151,35): warning C4244: '引数': 'float' から 'int' への変換です。データが失われる可能性があります。
D:\Users\1916002\Desktop\1916002\shootemup\shootemup\main.cpp(151,23): warning C4244: '引数': 'float' から 'int' への変換です。データが失われる可能性があります。
  コードを生成中...
D:\Users\1916002\Desktop\1916002\shootemup\shootemup\Geometry.cpp(25): error C4716: 'Vector2::operator*': 値を返さなければいけません
